[2025-12-11 05:00:18,047] [kometa.py:299]             [INFO]     |====================================================================================================|
[2025-12-11 05:00:18,048] [kometa.py:300]             [INFO]     |                                                                                                    |
[2025-12-11 05:00:18,048] [kometa.py:301]             [INFO]     |                   __  ___  ______    ___  ___   _______  __________    ___                         |
[2025-12-11 05:00:18,048] [kometa.py:302]             [INFO]     |                  |  |/  / /  __  \  |   \/   | |   ____||          |  /   \                        |
[2025-12-11 05:00:18,049] [kometa.py:303]             [INFO]     |                  |  '  / |  |  |  | |  \  /  | |  |__   `---|  |---` /  ^  \                       |
[2025-12-11 05:00:18,049] [kometa.py:304]             [INFO]     |                  |    <  |  |  |  | |  |\/|  | |   __|      |  |    /  /_\  \                      |
[2025-12-11 05:00:18,049] [kometa.py:305]             [INFO]     |                  |  .  \ |  `--`  | |  |  |  | |  |____     |  |   /  _____  \                     |
[2025-12-11 05:00:18,049] [kometa.py:306]             [INFO]     |                  |__|\__\ \______/  |__|  |__| |_______|    |__|  /__/     \__\                    |
[2025-12-11 05:00:18,049] [kometa.py:307]             [INFO]     |                                                                                                    |
[2025-12-11 05:00:18,097] [kometa.py:313]             [INFO]     |     Version: 2.2.2 (Docker: master)                                                                |
[2025-12-11 05:00:18,192] [kometa.py:316]             [INFO]     |     Platform: Linux-6.1.0-37-amd64-x86_64-with-glibc2.41                                           |
[2025-12-11 05:00:18,193] [kometa.py:317]             [INFO]     |     Total Memory: 16 GB                                                                            |
[2025-12-11 05:00:18,193] [kometa.py:318]             [INFO]     |     Available Memory: 14 GB                                                                        |
[2025-12-11 05:00:18,193] [kometa.py:319]             [INFO]     |     Process Priority: normal                                                                       |
[2025-12-11 05:00:18,194] [kometa.py:351]             [DEBUG]    |====================================================================================================|
[2025-12-11 05:00:18,194] [kometa.py:352]             [DEBUG]    | Run Command: kometa.py                                                                             |
[2025-12-11 05:00:18,194] [kometa.py:356]             [DEBUG]    | --config (KOMETA_CONFIG): None                                                                     |
[2025-12-11 05:00:18,194] [kometa.py:356]             [DEBUG]    | --times (KOMETA_TIMES): "05:00"                                                                    |
[2025-12-11 05:00:18,194] [kometa.py:356]             [DEBUG]    | --run (KOMETA_RUN): False                                                                          |
[2025-12-11 05:00:18,194] [kometa.py:356]             [DEBUG]    | --tests (KOMETA_TESTS): False                                                                      |
[2025-12-11 05:00:18,195] [kometa.py:356]             [DEBUG]    | --debug (KOMETA_DEBUG): False                                                                      |
[2025-12-11 05:00:18,195] [kometa.py:356]             [DEBUG]    | --trace (KOMETA_TRACE): False                                                                      |
[2025-12-11 05:00:18,195] [kometa.py:356]             [DEBUG]    | --log-requests (KOMETA_LOG_REQUESTS): False                                                        |
[2025-12-11 05:00:18,195] [kometa.py:356]             [DEBUG]    | --timeout (KOMETA_TIMEOUT): 180                                                                    |
[2025-12-11 05:00:18,195] [kometa.py:356]             [DEBUG]    | --no-verify-ssl (KOMETA_NO_VERIFY_SSL): False                                                      |
[2025-12-11 05:00:18,195] [kometa.py:356]             [DEBUG]    | --collections-only (KOMETA_COLLECTIONS_ONLY): False                                                |
[2025-12-11 05:00:18,195] [kometa.py:356]             [DEBUG]    | --metadata-only (KOMETA_METADATA_ONLY): False                                                      |
[2025-12-11 05:00:18,195] [kometa.py:356]             [DEBUG]    | --playlists-only (KOMETA_PLAYLISTS_ONLY): False                                                    |
[2025-12-11 05:00:18,196] [kometa.py:356]             [DEBUG]    | --operations-only (KOMETA_OPERATIONS_ONLY): False                                                  |
[2025-12-11 05:00:18,196] [kometa.py:356]             [DEBUG]    | --overlays-only (KOMETA_OVERLAYS_ONLY): False                                                      |
[2025-12-11 05:00:18,196] [kometa.py:356]             [DEBUG]    | --run-collections (KOMETA_RUN_COLLECTIONS): None                                                   |
[2025-12-11 05:00:18,196] [kometa.py:356]             [DEBUG]    | --run-libraries (KOMETA_RUN_LIBRARIES): None                                                       |
[2025-12-11 05:00:18,196] [kometa.py:356]             [DEBUG]    | --run-files (KOMETA_RUN_FILES): None                                                               |
[2025-12-11 05:00:18,196] [kometa.py:356]             [DEBUG]    | --ignore-schedules (KOMETA_IGNORE_SCHEDULES): False                                                |
[2025-12-11 05:00:18,196] [kometa.py:356]             [DEBUG]    | --ignore-ghost (KOMETA_IGNORE_GHOST): False                                                        |
[2025-12-11 05:00:18,196] [kometa.py:356]             [DEBUG]    | --delete-collections (KOMETA_DELETE_COLLECTIONS): False                                            |
[2025-12-11 05:00:18,196] [kometa.py:356]             [DEBUG]    | --delete-labels (KOMETA_DELETE_LABELS): False                                                      |
[2025-12-11 05:00:18,197] [kometa.py:356]             [DEBUG]    | --resume (KOMETA_RESUME): None                                                                     |
[2025-12-11 05:00:18,197] [kometa.py:356]             [DEBUG]    | --no-countdown (KOMETA_NO_COUNTDOWN): False                                                        |
[2025-12-11 05:00:18,197] [kometa.py:356]             [DEBUG]    | --no-missing (KOMETA_NO_MISSING): False                                                            |
[2025-12-11 05:00:18,197] [kometa.py:356]             [DEBUG]    | --no-report (KOMETA_NO_REPORT): False                                                              |
[2025-12-11 05:00:18,197] [kometa.py:356]             [DEBUG]    | --read-only-config (KOMETA_READ_ONLY_CONFIG): False                                                |
[2025-12-11 05:00:18,197] [kometa.py:356]             [DEBUG]    | --divider (KOMETA_DIVIDER): "="                                                                    |
[2025-12-11 05:00:18,197] [kometa.py:356]             [DEBUG]    | --width (KOMETA_WIDTH): 100                                                                        |
[2025-12-11 05:00:18,197] [kometa.py:356]             [DEBUG]    | --low-priority (KOMETA_LOW_PRIORITY): False                                                        |
[2025-12-11 05:00:18,197] [kometa.py:357]             [DEBUG]    |                                                                                                    |
[2025-12-11 05:00:18,198] [kometa.py:363]             [INFO]     |====================================================================================================|
[2025-12-11 05:00:18,198] [kometa.py:363]             [INFO]     |                                         Starting 05:00 Run                                         |
[2025-12-11 05:00:18,198] [kometa.py:363]             [INFO]     |====================================================================================================|
[2025-12-11 05:00:18,198] [config.py:157]             [INFO]     | Locating config...                                                                                 |
[2025-12-11 05:00:18,198] [config.py:163]             [INFO]     | Using //config/config.yml as config                                                                |
[2025-12-11 05:00:18,199] [config.py:204]             [DEBUG]    |========================================= Redacted Config ==========================================|
[2025-12-11 05:00:18,200] [config.py:206]             [DEBUG]    | libraries:                                                                                         |
[2025-12-11 05:00:18,200] [config.py:206]             [DEBUG]    |                                                                                                    |
[2025-12-11 05:00:18,200] [config.py:206]             [DEBUG]    | ########################################                                                           |
[2025-12-11 05:00:18,200] [config.py:206]             [DEBUG]    | #   MUST MATCH THE PLEX LIBRARY NAME   #                                                           |
[2025-12-11 05:00:18,200] [config.py:206]             [DEBUG]    | ########################################                                                           |
[2025-12-11 05:00:18,200] [config.py:206]             [DEBUG]    |                                                                                                    |
[2025-12-11 05:00:18,200] [config.py:206]             [DEBUG]    |   Movies:                                                                                          |
[2025-12-11 05:00:18,200] [config.py:206]             [DEBUG]    |     metadata_files:                                                                                |
[2025-12-11 05:00:18,201] [config.py:206]             [DEBUG]    |     - folder: //config/metadata/movies/                                                            |
[2025-12-11 05:00:18,201] [config.py:206]             [DEBUG]    |     collection_files:                                                                              |
[2025-12-11 05:00:18,201] [config.py:206]             [DEBUG]    |     - folder: //config/collections/movies/                                                         |
[2025-12-11 05:00:18,201] [config.py:206]             [DEBUG]    |     settings:                                                                                      |
[2025-12-11 05:00:18,201] [config.py:206]             [DEBUG]    |       asset_directory: //config/assets/movies/                                                     |
[2025-12-11 05:00:18,201] [config.py:206]             [DEBUG]    |       overlay_files: //config/overlays/movies/                                                     |
[2025-12-11 05:00:18,201] [config.py:206]             [DEBUG]    |       remove_overlays: true                                                                        |
[2025-12-11 05:00:18,201] [config.py:206]             [DEBUG]    |     operations:                                                                                    |
[2025-12-11 05:00:18,202] [config.py:206]             [DEBUG]    |       mass_content_rating_update: mdb_commonsense                                                  |
[2025-12-11 05:00:18,202] [config.py:206]             [DEBUG]    |       content_rating_mapper:                                                                       |
[2025-12-11 05:00:18,202] [config.py:206]             [DEBUG]    |         PG: 12                                                                                     |
[2025-12-11 05:00:18,202] [config.py:206]             [DEBUG]    |         PG-13: 13                                                                                  |
[2025-12-11 05:00:18,202] [config.py:206]             [DEBUG]    |         TV-14: 15                                                                                  |
[2025-12-11 05:00:18,202] [config.py:206]             [DEBUG]    |         NR: 17                                                                                     |
[2025-12-11 05:00:18,202] [config.py:206]             [DEBUG]    |         Not Rated: 17                                                                              |
[2025-12-11 05:00:18,202] [config.py:206]             [DEBUG]    |         R: 18                                                                                      |
[2025-12-11 05:00:18,202] [config.py:206]             [DEBUG]    |     report_path: /config/reports/Movies.yml                                                        |
[2025-12-11 05:00:18,203] [config.py:206]             [DEBUG]    |                                                                                                    |
[2025-12-11 05:00:18,203] [config.py:206]             [DEBUG]    |   Music:                                                                                           |
[2025-12-11 05:00:18,203] [config.py:206]             [DEBUG]    |     metadata_files:                                                                                |
[2025-12-11 05:00:18,203] [config.py:206]             [DEBUG]    |     - folder: //config/metadata/music/                                                             |
[2025-12-11 05:00:18,203] [config.py:206]             [DEBUG]    |     settings:                                                                                      |
[2025-12-11 05:00:18,203] [config.py:206]             [DEBUG]    |       asset_directory: //config/assets/music/                                                      |
[2025-12-11 05:00:18,203] [config.py:206]             [DEBUG]    |     report_path: /config/reports/Music.yml                                                         |
[2025-12-11 05:00:18,203] [config.py:206]             [DEBUG]    |                                                                                                    |
[2025-12-11 05:00:18,203] [config.py:206]             [DEBUG]    |   Shows:                                                                                           |
[2025-12-11 05:00:18,204] [config.py:206]             [DEBUG]    |     metadata_files:                                                                                |
[2025-12-11 05:00:18,204] [config.py:206]             [DEBUG]    |     - folder: //config/metadata/shows/                                                             |
[2025-12-11 05:00:18,204] [config.py:206]             [DEBUG]    |     collection_files:                                                                              |
[2025-12-11 05:00:18,204] [config.py:206]             [DEBUG]    |     - folder: //config/collections/shows/                                                          |
[2025-12-11 05:00:18,204] [config.py:206]             [DEBUG]    |     - default: country                                                                             |
[2025-12-11 05:00:18,204] [config.py:206]             [DEBUG]    |       template_variables:                                                                          |
[2025-12-11 05:00:18,204] [config.py:206]             [DEBUG]    |         use_other: false                                                                           |
[2025-12-11 05:00:18,204] [config.py:206]             [DEBUG]    |         use_separator: false                                                                       |
[2025-12-11 05:00:18,204] [config.py:206]             [DEBUG]    |         sep_style: purple                                                                          |
[2025-12-11 05:00:18,204] [config.py:206]             [DEBUG]    |         collection_mode: hide                                                                      |
[2025-12-11 05:00:18,204] [config.py:206]             [DEBUG]    |         include:                                                                                   |
[2025-12-11 05:00:18,205] [config.py:206]             [DEBUG]    |         - gb                                                                                       |
[2025-12-11 05:00:18,205] [config.py:206]             [DEBUG]    |         - kr                                                                                       |
[2025-12-11 05:00:18,205] [config.py:206]             [DEBUG]    |         sort_by: title.asc                                                                         |
[2025-12-11 05:00:18,205] [config.py:206]             [DEBUG]    |     - default: emmy                                                                                |
[2025-12-11 05:00:18,205] [config.py:206]             [DEBUG]    |       template_variables:                                                                          |
[2025-12-11 05:00:18,205] [config.py:206]             [DEBUG]    |         collection_mode: hide                                                                      |
[2025-12-11 05:00:18,205] [config.py:206]             [DEBUG]    |         collection_order: alpha                                                                    |
[2025-12-11 05:00:18,205] [config.py:206]             [DEBUG]    |         data:                                                                                      |
[2025-12-11 05:00:18,205] [config.py:206]             [DEBUG]    |           starting: current_year-5                                                                 |
[2025-12-11 05:00:18,205] [config.py:206]             [DEBUG]    |           ending: current_year                                                                     |
[2025-12-11 05:00:18,205] [config.py:206]             [DEBUG]    |     - default: trakt                                                                               |
[2025-12-11 05:00:18,205] [config.py:206]             [DEBUG]    |       template_variables:                                                                          |
[2025-12-11 05:00:18,206] [config.py:206]             [DEBUG]    |         collection_mode: hide                                                                      |
[2025-12-11 05:00:18,206] [config.py:206]             [DEBUG]    |         use_collected: false                                                                       |
[2025-12-11 05:00:18,206] [config.py:206]             [DEBUG]    |         use_popular: false                                                                         |
[2025-12-11 05:00:18,206] [config.py:206]             [DEBUG]    |         use_recommended: false                                                                     |
[2025-12-11 05:00:18,206] [config.py:206]             [DEBUG]    |         use_watched: false                                                                         |
[2025-12-11 05:00:18,206] [config.py:206]             [DEBUG]    |         limit: 20                                                                                  |
[2025-12-11 05:00:18,206] [config.py:206]             [DEBUG]    |         visible_library_trending: true                                                             |
[2025-12-11 05:00:18,206] [config.py:206]             [DEBUG]    |         visible_home_trending: false                                                               |
[2025-12-11 05:00:18,206] [config.py:206]             [DEBUG]    |         visible_shared_trending: true                                                              |
[2025-12-11 05:00:18,206] [config.py:206]             [DEBUG]    |     - default: basic                                                                               |
[2025-12-11 05:00:18,206] [config.py:206]             [DEBUG]    |       template_variables:                                                                          |
[2025-12-11 05:00:18,206] [config.py:206]             [DEBUG]    |         collection_mode: hide                                                                      |
[2025-12-11 05:00:18,207] [config.py:206]             [DEBUG]    |         use_episodes: false                                                                        |
[2025-12-11 05:00:18,207] [config.py:206]             [DEBUG]    |         use_released: true                                                                         |
[2025-12-11 05:00:18,207] [config.py:206]             [DEBUG]    |         in_the_last_released: 120                                                                  |
[2025-12-11 05:00:18,207] [config.py:206]             [DEBUG]    |         visible_library_released: true                                                             |
[2025-12-11 05:00:18,207] [config.py:206]             [DEBUG]    |         visible_home_released: false                                                               |
[2025-12-11 05:00:18,207] [config.py:206]             [DEBUG]    |         visible_shared_released: false                                                             |
[2025-12-11 05:00:18,207] [config.py:206]             [DEBUG]    |       settings:                                                                                    |
[2025-12-11 05:00:18,207] [config.py:206]             [DEBUG]    |         asset_directory: config/assets/shows                                                       |
[2025-12-11 05:00:18,207] [config.py:206]             [DEBUG]    |         asset_folders: true                                                                        |
[2025-12-11 05:00:18,207] [config.py:206]             [DEBUG]    |         overlay_files: //config/overlays/shows/                                                    |
[2025-12-11 05:00:18,207] [config.py:206]             [DEBUG]    |         remove_overlays: true                                                                      |
[2025-12-11 05:00:18,207] [config.py:206]             [DEBUG]    |     operations:                                                                                    |
[2025-12-11 05:00:18,208] [config.py:206]             [DEBUG]    |       mass_content_rating_update: mdb_commonsense                                                  |
[2025-12-11 05:00:18,208] [config.py:206]             [DEBUG]    |       content_rating_mapper:                                                                       |
[2025-12-11 05:00:18,208] [config.py:206]             [DEBUG]    |         TV-Y: 4                                                                                    |
[2025-12-11 05:00:18,208] [config.py:206]             [DEBUG]    |         TV-Y7: 7                                                                                   |
[2025-12-11 05:00:18,208] [config.py:206]             [DEBUG]    |         TV-G: 7                                                                                    |
[2025-12-11 05:00:18,208] [config.py:206]             [DEBUG]    |         TV-PG: 12                                                                                  |
[2025-12-11 05:00:18,208] [config.py:206]             [DEBUG]    |         TV-14: 14                                                                                  |
[2025-12-11 05:00:18,208] [config.py:206]             [DEBUG]    |         TV-MA: 18                                                                                  |
[2025-12-11 05:00:18,208] [config.py:206]             [DEBUG]    |     report_path: /config/reports/Shows.yml                                                         |
[2025-12-11 05:00:18,208] [config.py:206]             [DEBUG]    |                                                                                                    |
[2025-12-11 05:00:18,208] [config.py:206]             [DEBUG]    | playlist_files:                                                                                    |
[2025-12-11 05:00:18,208] [config.py:206]             [DEBUG]    | - file: //config/playlists/video.yml                                                               |
[2025-12-11 05:00:18,208] [config.py:206]             [DEBUG]    |                                                                                                    |
[2025-12-11 05:00:18,209] [config.py:206]             [DEBUG]    | settings:                                                                                          |
[2025-12-11 05:00:18,209] [config.py:206]             [DEBUG]    |   cache: true                                                                                      |
[2025-12-11 05:00:18,209] [config.py:206]             [DEBUG]    |   cache_expiration: 60                                                                             |
[2025-12-11 05:00:18,209] [config.py:206]             [DEBUG]    |   asset_folders: true                                                                              |
[2025-12-11 05:00:18,209] [config.py:206]             [DEBUG]    |   asset_depth: 5                                                                                   |
[2025-12-11 05:00:18,209] [config.py:206]             [DEBUG]    |   create_asset_folders: true                                                                       |
[2025-12-11 05:00:18,209] [config.py:206]             [DEBUG]    |   prioritize_assets: true                                                                          |
[2025-12-11 05:00:18,209] [config.py:206]             [DEBUG]    |   dimensional_asset_rename: false                                                                  |
[2025-12-11 05:00:18,209] [config.py:206]             [DEBUG]    |   download_url_assets: true                                                                        |
[2025-12-11 05:00:18,209] [config.py:206]             [DEBUG]    |   show_missing_season_assets: true                                                                 |
[2025-12-11 05:00:18,209] [config.py:206]             [DEBUG]    |   show_missing_episode_assets: false                                                               |
[2025-12-11 05:00:18,210] [config.py:206]             [DEBUG]    |   show_asset_not_needed: true                                                                      |
[2025-12-11 05:00:18,210] [config.py:206]             [DEBUG]    |   sync_mode: append                                                                                |
[2025-12-11 05:00:18,210] [config.py:206]             [DEBUG]    |   minimum_items: 2                                                                                 |
[2025-12-11 05:00:18,210] [config.py:206]             [DEBUG]    |   default_collection_order:                                                                        |
[2025-12-11 05:00:18,210] [config.py:206]             [DEBUG]    |   delete_below_minimum: true                                                                       |
[2025-12-11 05:00:18,210] [config.py:206]             [DEBUG]    |   delete_not_scheduled: false                                                                      |
[2025-12-11 05:00:18,210] [config.py:206]             [DEBUG]    |   run_again_delay: 2                                                                               |
[2025-12-11 05:00:18,210] [config.py:206]             [DEBUG]    |   missing_only_released: false                                                                     |
[2025-12-11 05:00:18,210] [config.py:206]             [DEBUG]    |   only_filter_missing: false                                                                       |
[2025-12-11 05:00:18,210] [config.py:206]             [DEBUG]    |   show_unmanaged: true                                                                             |
[2025-12-11 05:00:18,210] [config.py:206]             [DEBUG]    |   show_filtered: false                                                                             |
[2025-12-11 05:00:18,210] [config.py:206]             [DEBUG]    |   show_options: false                                                                              |
[2025-12-11 05:00:18,210] [config.py:206]             [DEBUG]    |   show_missing: false                                                                              |
[2025-12-11 05:00:18,211] [config.py:206]             [DEBUG]    |   show_missing_assets: true                                                                        |
[2025-12-11 05:00:18,211] [config.py:206]             [DEBUG]    |   save_report: true                                                                                |
[2025-12-11 05:00:18,211] [config.py:206]             [DEBUG]    |   tvdb_language: eng                                                                               |
[2025-12-11 05:00:18,211] [config.py:206]             [DEBUG]    |   ignore_ids:                                                                                      |
[2025-12-11 05:00:18,211] [config.py:206]             [DEBUG]    |   ignore_imdb_ids:                                                                                 |
[2025-12-11 05:00:18,211] [config.py:206]             [DEBUG]    |   item_refresh_delay: 0                                                                            |
[2025-12-11 05:00:18,211] [config.py:206]             [DEBUG]    |   playlist_sync_to_user:                                                                           |
[2025-12-11 05:00:18,211] [config.py:206]             [DEBUG]    |   playlist_report: false                                                                           |
[2025-12-11 05:00:18,211] [config.py:206]             [DEBUG]    |   verify_ssl: true                                                                                 |
[2025-12-11 05:00:18,211] [config.py:206]             [DEBUG]    |   custom_repo:                                                                                     |
[2025-12-11 05:00:18,211] [config.py:206]             [DEBUG]    |   check_nightly: false                                                                             |
[2025-12-11 05:00:18,211] [config.py:206]             [DEBUG]    |   show_unconfigured: true                                                                          |
[2025-12-11 05:00:18,212] [config.py:206]             [DEBUG]    |   playlist_exclude_users:                                                                          |
[2025-12-11 05:00:18,212] [config.py:206]             [DEBUG]    |   run_order:                                                                                       |
[2025-12-11 05:00:18,212] [config.py:206]             [DEBUG]    |   - operations                                                                                     |
[2025-12-11 05:00:18,212] [config.py:206]             [DEBUG]    |   - metadata                                                                                       |
[2025-12-11 05:00:18,212] [config.py:206]             [DEBUG]    |   - collections                                                                                    |
[2025-12-11 05:00:18,212] [config.py:206]             [DEBUG]    |   - overlays                                                                                       |
[2025-12-11 05:00:18,212] [config.py:206]             [DEBUG]    |   overlay_artwork_filetype: jpg                                                                    |
[2025-12-11 05:00:18,212] [config.py:206]             [DEBUG]    |   overlay_artwork_quality:                                                                         |
[2025-12-11 05:00:18,212] [config.py:206]             [DEBUG]    |   asset_directory:                                                                                 |
[2025-12-11 05:00:18,212] [config.py:206]             [DEBUG]    |   show_unfiltered: false                                                                           |
[2025-12-11 05:00:18,212] [config.py:206]             [DEBUG]    |                                                                                                    |
[2025-12-11 05:00:18,212] [config.py:206]             [DEBUG]    | webhooks:                            # Can be individually specified per library as well           |
[2025-12-11 05:00:18,213] [config.py:206]             [DEBUG]    |   error: (redacted)                                                                                |
[2025-12-11 05:00:18,213] [config.py:206]             [DEBUG]    |   version:                                                                                         |
[2025-12-11 05:00:18,213] [config.py:206]             [DEBUG]    |   run_start:                                                                                       |
[2025-12-11 05:00:18,213] [config.py:206]             [DEBUG]    |   run_end:                                                                                         |
[2025-12-11 05:00:18,213] [config.py:206]             [DEBUG]    |   changes: (redacted)                                                                              |
[2025-12-11 05:00:18,213] [config.py:206]             [DEBUG]    |   delete: (redacted)                                                                               |
[2025-12-11 05:00:18,213] [config.py:206]             [DEBUG]    |                                                                                                    |
[2025-12-11 05:00:18,213] [config.py:206]             [DEBUG]    | plex:                                                                                              |
[2025-12-11 05:00:18,213] [config.py:206]             [DEBUG]    |   url: (redacted)                                                                                  |
[2025-12-11 05:00:18,213] [config.py:206]             [DEBUG]    |   token: (redacted)                                                                                |
[2025-12-11 05:00:18,213] [config.py:206]             [DEBUG]    |   timeout: 60                                                                                      |
[2025-12-11 05:00:18,213] [config.py:206]             [DEBUG]    |   clean_bundles: false                                                                             |
[2025-12-11 05:00:18,213] [config.py:206]             [DEBUG]    |   empty_trash: false                                                                               |
[2025-12-11 05:00:18,214] [config.py:206]             [DEBUG]    |   optimize: false                                                                                  |
[2025-12-11 05:00:18,214] [config.py:206]             [DEBUG]    |   verify_ssl:                                                                                      |
[2025-12-11 05:00:18,214] [config.py:206]             [DEBUG]    |   db_cache:                                                                                        |
[2025-12-11 05:00:18,214] [config.py:206]             [DEBUG]    |                                                                                                    |
[2025-12-11 05:00:18,214] [config.py:206]             [DEBUG]    | tmdb:                                                   # REQUIRED for the script to run           |
[2025-12-11 05:00:18,214] [config.py:206]             [DEBUG]    |   apikey: (redacted)                                                                               |
[2025-12-11 05:00:18,214] [config.py:206]             [DEBUG]    |   language: en                                                                                     |
[2025-12-11 05:00:18,214] [config.py:206]             [DEBUG]    |   cache_expiration: 60                                                                             |
[2025-12-11 05:00:18,214] [config.py:206]             [DEBUG]    |   region:                                                                                          |
[2025-12-11 05:00:18,214] [config.py:206]             [DEBUG]    |                                                                                                    |
[2025-12-11 05:00:18,214] [config.py:206]             [DEBUG]    | trakt:                                                                                             |
[2025-12-11 05:00:18,214] [config.py:206]             [DEBUG]    |   client_id: (redacted)                                                                            |
[2025-12-11 05:00:18,215] [config.py:206]             [DEBUG]    |   client_secret: (redacted)                                                                        |
[2025-12-11 05:00:18,215] [config.py:206]             [DEBUG]    |   pin:                                                                                             |
[2025-12-11 05:00:18,215] [config.py:206]             [DEBUG]    |   authorization:                          # everything below is autofilled by the script           |
[2025-12-11 05:00:18,215] [config.py:206]             [DEBUG]    |     access_token: (redacted)                                                                       |
[2025-12-11 05:00:18,215] [config.py:206]             [DEBUG]    |     token_type: Bearer                                                                             |
[2025-12-11 05:00:18,215] [config.py:206]             [DEBUG]    |     expires_in: 7889237                                                                            |
[2025-12-11 05:00:18,215] [config.py:206]             [DEBUG]    |     refresh_token: (redacted)                                                                      |
[2025-12-11 05:00:18,215] [config.py:206]             [DEBUG]    |     scope: public                                                                                  |
[2025-12-11 05:00:18,215] [config.py:206]             [DEBUG]    |     created_at: 1760207299                                                                         |
[2025-12-11 05:00:18,215] [config.py:206]             [DEBUG]    |   force_refresh:                                                                                   |
[2025-12-11 05:00:18,215] [config.py:206]             [DEBUG]    | mdblist:                                                                                           |
[2025-12-11 05:00:18,215] [config.py:206]             [DEBUG]    |   apikey: (redacted)                                                                               |
[2025-12-11 05:00:18,216] [config.py:206]             [DEBUG]    |   cache_expiration: 60                                                                             |
[2025-12-11 05:00:18,216] [config.py:206]             [DEBUG]    |                                                                                                    |
[2025-12-11 05:00:18,216] [config.py:206]             [DEBUG]    | gotify:                                                                                            |
[2025-12-11 05:00:18,216] [config.py:206]             [DEBUG]    |   url: (redacted)                                                                                  |
[2025-12-11 05:00:18,216] [config.py:206]             [DEBUG]    |   token: (redacted)                                                                                |
[2025-12-11 05:00:18,216] [config.py:206]             [DEBUG]    |                                                                                                    |
[2025-12-11 05:00:18,216] [config.py:206]             [DEBUG]    | # radarr:                                                                                          |
[2025-12-11 05:00:18,216] [config.py:206]             [DEBUG]    | #   url: (redacted)                                                                                |
[2025-12-11 05:00:18,216] [config.py:206]             [DEBUG]    | #   token: (redacted)                                                                              |
[2025-12-11 05:00:18,216] [config.py:206]             [DEBUG]    | #   add_missing: false                                                                             |
[2025-12-11 05:00:18,216] [config.py:206]             [DEBUG]    | #   add_existing: false                                                                            |
[2025-12-11 05:00:18,216] [config.py:206]             [DEBUG]    | #   root_folder_path: S:/movies                                                                    |
[2025-12-11 05:00:18,216] [config.py:206]             [DEBUG]    | #   monitor: true                                                                                  |
[2025-12-11 05:00:18,217] [config.py:206]             [DEBUG]    | #   availability: announced                                                                        |
[2025-12-11 05:00:18,217] [config.py:206]             [DEBUG]    | #   quality_profile: HD-1080p                                                                      |
[2025-12-11 05:00:18,217] [config.py:206]             [DEBUG]    | #   tag:                                                                                           |
[2025-12-11 05:00:18,217] [config.py:206]             [DEBUG]    | #   search: false                                                                                  |
[2025-12-11 05:00:18,217] [config.py:206]             [DEBUG]    | #   radarr_path:                                                                                   |
[2025-12-11 05:00:18,217] [config.py:206]             [DEBUG]    | #   plex_path:                                                                                     |
[2025-12-11 05:00:18,217] [config.py:206]             [DEBUG]    | #   upgrade_existing: false                                                                        |
[2025-12-11 05:00:18,217] [config.py:206]             [DEBUG]    |                                                                                                    |
[2025-12-11 05:00:18,217] [config.py:206]             [DEBUG]    | # sonarr:                                                                                          |
[2025-12-11 05:00:18,217] [config.py:206]             [DEBUG]    | #   url: (redacted)                                                                                |
[2025-12-11 05:00:18,217] [config.py:206]             [DEBUG]    | #   token: (redacted)                                                                              |
[2025-12-11 05:00:18,217] [config.py:206]             [DEBUG]    | #   add_missing: false                                                                             |
[2025-12-11 05:00:18,218] [config.py:206]             [DEBUG]    | #   add_existing: false                                                                            |
[2025-12-11 05:00:18,218] [config.py:206]             [DEBUG]    | #   root_folder_path: S:/shows                                                                     |
[2025-12-11 05:00:18,218] [config.py:206]             [DEBUG]    | #   monitor: all                                                                                   |
[2025-12-11 05:00:18,218] [config.py:206]             [DEBUG]    | #   quality_profile: HD-1080p                                                                      |
[2025-12-11 05:00:18,218] [config.py:206]             [DEBUG]    | #   language_profile: English                                                                      |
[2025-12-11 05:00:18,218] [config.py:206]             [DEBUG]    | #   series_type: standard                                                                          |
[2025-12-11 05:00:18,218] [config.py:206]             [DEBUG]    | #   season_folder: true                                                                            |
[2025-12-11 05:00:18,218] [config.py:206]             [DEBUG]    | #   tag:                                                                                           |
[2025-12-11 05:00:18,218] [config.py:206]             [DEBUG]    | #   search: false                                                                                  |
[2025-12-11 05:00:18,218] [config.py:206]             [DEBUG]    | #   cutoff_search: false                                                                           |
[2025-12-11 05:00:18,218] [config.py:206]             [DEBUG]    | #   sonarr_path:                                                                                   |
[2025-12-11 05:00:18,218] [config.py:206]             [DEBUG]    | #   plex_path:                                                                                     |
[2025-12-11 05:00:18,218] [config.py:206]             [DEBUG]    | #   upgrade_existing: false                                                                        |
[2025-12-11 05:00:18,219] [config.py:207]             [DEBUG]    |                                                                                                    |
[2025-12-11 05:00:18,254] [config.py:469]             [WARNING]  | Config Warning: settings sub-attribute overlay_artwork_quality is blank using 90 as default        |
[2025-12-11 05:00:18,254] [config.py:559]             [INFO]     |====================================================================================================|
[2025-12-11 05:00:18,256] [cache.py:17]               [INFO]     | Initializing cache database at //config/config.cache                                               |
[2025-12-11 05:00:18,257] [config.py:568]             [INFO]     |====================================================================================================|
[2025-12-11 05:00:18,258] [config.py:585]             [INFO]     | notifiarr attribute not found                                                                      |
[2025-12-11 05:00:18,258] [config.py:589]             [INFO]     | Connecting to Gotify...                                                                            |
[2025-12-11 05:00:18,330] [gotify.py:29]              [ERROR]    | b'<!doctype html>\n<!--[if lt IE 7]> <html class="no-js ie6 oldie" lang="en-US"> <![endif]-->\n<!--[if IE 7]>    <html class="no-js ie7 oldie" lang="en-US"> <![endif]-->\n<!--[if IE 8]>    <html class="no-js ie8 oldie" lang="en-US"> <![endif]-->\n<!--[if gt IE 8]><!-->\n<html class="no-js" lang="en-US">\n    <!--<![endif]-->\n    <head>\n        <title>Cloudflare Tunnel error | moviesign.mrjohnnycake.com | Cloudflare</title>\n        <meta charset="UTF-8" />\n<meta http-equiv="Content-Type" content="text/html; charset=UTF-8" />\n<meta http-equiv="X-UA-Compatible" content="IE=Edge" />\n<meta name="robots" content="noindex, nofollow" />\n<meta name="viewport" content="width=device-width,initial-scale=1" />\n<link rel="stylesheet" id="cf_styles-css" href="/cdn-cgi/styles/main.css" /> <script>\n  (function(){if(document.addEventListener&&window.XMLHttpRequest&&JSON&&JSON.stringify){var e=function(a){var c=document.getElementById("error-feedback-survey"),d=document.getElementById("error-feedback-success"),b=new XMLHttpRequest;a={event:"feedback clicked",properties:{errorCode: 1033 },helpful:a,version: 1 };b.open("POST","https://sparrow.cloudflare.com/api/v1/event");b.setRequestHeader("Content-Type","application/json");b.setRequestHeader("Sparrow-Source-Key","c771f0e4b54944bebf4261d44bd79a1e");\nb.send(JSON.stringify(a));c.classList.add("feedback-hidden");d.classList.remove("feedback-hidden")};document.addEventListener("DOMContentLoaded",function(){var a=document.getElementById("error-feedback"),c=document.getElementById("feedback-button-yes"),d=document.getElementById("feedback-button-no");"classList"in a&&(a.classList.remove("feedback-hidden"),c.addEventListener("click",function(){e(!0)}),d.addEventListener("click",function(){e(!1)}))})}})();\n</script>\n        <script\n            defer\n            src="https://performance.radar.cloudflare.com/beacon.js"\n        ></script>\n    </head>\n    <body>\n        <div id="cf-wrapper">\n            <div\n                class="cf-alert cf-alert-error cf-cookie-error hidden"\n                id="cookie-alert"\n                data-translate="enable_cookies"\n            >\n                Please enable cookies.\n            </div>\n            <div id="cf-error-details" class="p-0">\n                <header\n                    class="mx-auto pt-10 lg:pt-6 lg:px-8 w-240 lg:w-full mb-15 antialiased"\n                >\n                    <h1\n                        class="inline-block md:block mr-2 md:mb-2 font-light text-60 md:text-3xl text-black-dark leading-tight"\n                    >\n                        <span data-translate="error">Error</span>\n                        <span>1033</span>\n                    </h1>\n                    <span\n                        class="inline-block md:block heading-ray-id font-mono text-15 lg:text-sm lg:leading-relaxed"\n                        >Ray ID: 9ac52707bb12c710 &bull;</span\n                    >\n                    <span\n                        class="inline-block md:block heading-ray-id font-mono text-15 lg:text-sm lg:leading-relaxed"\n                        >2025-12-11 12:58:15 UTC</span\n                    >\n                    <h2\n                        class="text-gray-600 leading-1.3 text-3xl lg:text-2xl font-light"\n                    >\n                        Cloudflare Tunnel error\n                    </h2>\n                </header>\n                \n                \n                <section class="w-240 lg:w-full mx-auto mb-8 lg:px-8">\n                    <div id="what-happened-section" class="w-1/2 md:w-full">\n                        <h2\n                            class="text-3xl leading-tight font-normal mb-4 text-black-dark antialiased"\n                            data-translate="what_happened"\n                        >\n                            What happened?\n                        </h2>\n                        \n                            <p>You\'ve requested a page on a website (moviesign.mrjohnnycake.com) that is on the <a href="https://www.cloudflare.com/5xx-error-landing/" target="_blank">Cloudflare</a> network. The host (moviesign.mrjohnnycake.com) is configured as an Cloudflare Tunnel, and Cloudflare is currently unable to resolve it.\n                        \n                        \n                    </div>\n\n                    \n                    <div\n                        id="resolution-copy-section"\n                        class="w-1/2 mt-6 text-15 leading-normal"\n                    >\n                        <h2\n                            class="text-3xl leading-tight font-normal mb-4 text-black-dark antialiased"\n                            data-translate="what_can_i_do"\n                        >\n                            What can I do?\n                        </h2>\n                        <p><strong>If you are a visitor of this website:</strong><br />Please try again in a few minutes.</p><p><strong>If you are the owner of this website:</strong><br />Ensure that cloudflared is running and can reach the network. You may wish to enable <a rel="noopener noreferrer" href="https://developers.cloudflare.com/cloudflare-one/connections/connect-networks/routing-to-tunnel/lb/">load balancing</a> for your tunnel.</p>\n                    </div>\n                    \n                </section>\n                \n\n                <div class="feedback-hidden py-8 text-center" id="error-feedback">\n    <div id="error-feedback-survey" class="footer-line-wrapper">\n        Was this page helpful?\n        <button\n            class="border border-solid bg-white cf-button cursor-pointer ml-4 px-4 py-2 rounded"\n            id="feedback-button-yes"\n            type="button"\n        >\n            Yes\n        </button>\n        <button\n            class="border border-solid bg-white cf-button cursor-pointer ml-4 px-4 py-2 rounded"\n            id="feedback-button-no"\n            type="button"\n        >\n            No\n        </button>\n    </div>\n    <div class="feedback-success feedback-hidden" id="error-feedback-success">\n        Thank you for your feedback!\n    </div>\n</div> <div class="cf-error-footer cf-wrapper w-240 lg:w-full py-10 sm:py-4 sm:px-8 mx-auto text-center sm:text-left border-solid border-0 border-t border-gray-300">\n    <p class="text-13">\n      <span class="cf-footer-item sm:block sm:mb-1">Cloudflare Ray ID: <strong class="font-semibold">9ac52707bb12c710</strong></span>\n      <span class="cf-footer-separator sm:hidden">&bull;</span>\n      <span id="cf-footer-item-ip" class="cf-footer-item hidden sm:block sm:mb-1">\n        Your IP:\n        <button type="button" id="cf-footer-ip-reveal" class="cf-footer-ip-reveal-btn">Click to reveal</button>\n        <span class="hidden" id="cf-footer-ip">216.98.194.12</span>\n        <span class="cf-footer-separator sm:hidden">&bull;</span>\n      </span>\n      <span class="cf-footer-item sm:block sm:mb-1"><span>Performance &amp; security by</span> <a rel="noopener noreferrer" href="https://www.cloudflare.com/5xx-error-landing" id="brand_link" target="_blank">Cloudflare</a></span>\n      \n    </p>\n    <script>(function(){function d(){var b=a.getElementById("cf-footer-item-ip"),c=a.getElementById("cf-footer-ip-reveal");b&&"classList"in b&&(b.classList.remove("hidden"),c.addEventListener("click",function(){c.classList.add("hidden");a.getElementById("cf-footer-ip").classList.remove("hidden")}))}var a=document;document.addEventListener&&a.addEventListener("DOMContentLoaded",d)})();</script>\n  </div><!-- /.error-footer -->\n            </div>\n            <!-- /#cf-error-details -->\n        </div>\n        <!-- /#cf-wrapper -->\n\n         <script>\n    window._cf_translation = {};\n    \n    \n  </script> \n        \n    </body>\n</html>' |
[2025-12-11 05:00:18,330] [gotify.py:30]              [DEBUG]    | Expecting value: line 1 column 1 (char 0)                                                          |
[2025-12-11 05:00:18,334] [gotify.py:18]              [DEBUG]    | Traceback (most recent call last):                                                                 |
                                                                 |   File "/usr/local/lib/python3.13/site-packages/requests/models.py", line 976, in json             |
                                                                 |     return complexjson.loads(self.text, **kwargs)                                                  |
                                                                 |            ~~~~~~~~~~~~~~~~~^^^^^^^^^^^^^^^^^^^^^                                                  |
                                                                 |   File "/usr/local/lib/python3.13/json/__init__.py", line 346, in loads                            |
                                                                 |     return _default_decoder.decode(s)                                                              |
                                                                 |            ~~~~~~~~~~~~~~~~~~~~~~~^^^                                                              |
                                                                 |   File "/usr/local/lib/python3.13/json/decoder.py", line 345, in decode                            |
                                                                 |     obj, end = self.raw_decode(s, idx=_w(s, 0).end())                                              |
                                                                 |                ~~~~~~~~~~~~~~~^^^^^^^^^^^^^^^^^^^^^^^                                              |
                                                                 |   File "/usr/local/lib/python3.13/json/decoder.py", line 363, in raw_decode                        |
                                                                 |     raise JSONDecodeError("Expecting value", s, err.value) from None                               |
                                                                 | json.decoder.JSONDecodeError: Expecting value: line 1 column 1 (char 0)                            |
                                                                 |                                                                                                    |
                                                                 | During handling of the above exception, another exception occurred:                                |
                                                                 |                                                                                                    |
                                                                 | Traceback (most recent call last):                                                                 |
                                                                 |   File "/modules/gotify.py", line 16, in __init__                                                  |
                                                                 |     logger.info(f"Gotify Version: {self._request(path='version', post=False)['version']}")         |
                                                                 |                                    ~~~~~~~~~~~~~^^^^^^^^^^^^^^^^^^^^^^^^^^^^                       |
                                                                 |   File "/modules/gotify.py", line 31, in _request                                                  |
                                                                 |     raise e                                                                                        |
                                                                 |   File "/modules/gotify.py", line 27, in _request                                                  |
                                                                 |     response_json = response.json()                                                                |
                                                                 |   File "/usr/local/lib/python3.13/site-packages/requests/models.py", line 980, in json             |
                                                                 |     raise RequestsJSONDecodeError(e.msg, e.doc, e.pos)                                             |
                                                                 | requests.exceptions.JSONDecodeError: Expecting value: line 1 column 1 (char 0)                     |
                                                                 |                                                                                                    |
[2025-12-11 05:00:18,339] [config.py:599]             [DEBUG]    | Traceback (most recent call last):                                                                 |
                                                                 |   File "/usr/local/lib/python3.13/site-packages/requests/models.py", line 976, in json             |
                                                                 |     return complexjson.loads(self.text, **kwargs)                                                  |
                                                                 |            ~~~~~~~~~~~~~~~~~^^^^^^^^^^^^^^^^^^^^^                                                  |
                                                                 |   File "/usr/local/lib/python3.13/json/__init__.py", line 346, in loads                            |
                                                                 |     return _default_decoder.decode(s)                                                              |
                                                                 |            ~~~~~~~~~~~~~~~~~~~~~~~^^^                                                              |
                                                                 |   File "/usr/local/lib/python3.13/json/decoder.py", line 345, in decode                            |
                                                                 |     obj, end = self.raw_decode(s, idx=_w(s, 0).end())                                              |
                                                                 |                ~~~~~~~~~~~~~~~^^^^^^^^^^^^^^^^^^^^^^^                                              |
                                                                 |   File "/usr/local/lib/python3.13/json/decoder.py", line 363, in raw_decode                        |
                                                                 |     raise JSONDecodeError("Expecting value", s, err.value) from None                               |
                                                                 | json.decoder.JSONDecodeError: Expecting value: line 1 column 1 (char 0)                            |
                                                                 |                                                                                                    |
                                                                 | During handling of the above exception, another exception occurred:                                |
                                                                 |                                                                                                    |
                                                                 | Traceback (most recent call last):                                                                 |
                                                                 |   File "/modules/gotify.py", line 16, in __init__                                                  |
                                                                 |     logger.info(f"Gotify Version: {self._request(path='version', post=False)['version']}")         |
                                                                 |                                    ~~~~~~~~~~~~~^^^^^^^^^^^^^^^^^^^^^^^^^^^^                       |
                                                                 |   File "/modules/gotify.py", line 31, in _request                                                  |
                                                                 |     raise e                                                                                        |
                                                                 |   File "/modules/gotify.py", line 27, in _request                                                  |
                                                                 |     response_json = response.json()                                                                |
                                                                 |   File "/usr/local/lib/python3.13/site-packages/requests/models.py", line 980, in json             |
                                                                 |     raise RequestsJSONDecodeError(e.msg, e.doc, e.pos)                                             |
                                                                 | requests.exceptions.JSONDecodeError: Expecting value: line 1 column 1 (char 0)                     |
                                                                 |                                                                                                    |
                                                                 | During handling of the above exception, another exception occurred:                                |
                                                                 |                                                                                                    |
                                                                 | Traceback (most recent call last):                                                                 |
                                                                 |   File "/modules/config.py", line 591, in __init__                                                 |
                                                                 |     self.GotifyFactory = Gotify(self.Requests, {                                                   |
                                                                 |                          ~~~~~~^^^^^^^^^^^^^^^^^                                                   |
                                                                 |         "url": check_for_attribute(self.data, "url", parent="gotify", throw=True),                 |
                                                                 |         ^^^^^^^^^^^^^^^^^^^^^^^^^^^^^^^^^^^^^^^^^^^^^^^^^^^^^^^^^^^^^^^^^^^^^^^^^^                 |
                                                                 |         "token": check_for_attribute(self.data, "token", parent="gotify", throw=True)              |
                                                                 |         ^^^^^^^^^^^^^^^^^^^^^^^^^^^^^^^^^^^^^^^^^^^^^^^^^^^^^^^^^^^^^^^^^^^^^^^^^^^^^              |
                                                                 |     })                                                                                             |
                                                                 |     ^^                                                                                             |
                                                                 |   File "/modules/gotify.py", line 19, in __init__                                                  |
                                                                 |     raise Failed("Gotify Error: Invalid URL")                                                      |
                                                                 | modules.util.Failed: Gotify Error: Invalid URL                                                     |
                                                                 |                                                                                                    |
[2025-12-11 05:00:18,344] [config.py:600]             [ERROR]    | Gotify Error: Invalid URL                                                                          |
[2025-12-11 05:00:18,344] [config.py:601]             [INFO]     | Gotify Connection Failed                                                                           |
[2025-12-11 05:00:18,344] [config.py:622]             [INFO]     | ntfy attribute not found                                                                           |
[2025-12-11 05:00:18,344] [config.py:642]             [INFO]     |====================================================================================================|
[2025-12-11 05:00:18,344] [config.py:647]             [INFO]     | Connecting to TMDb...                                                                              |
[2025-12-11 05:00:18,515] [config.py:656]             [INFO]     | TMDb Connection Successful                                                                         |
[2025-12-11 05:00:18,515] [config.py:660]             [INFO]     |====================================================================================================|
[2025-12-11 05:00:18,516] [config.py:677]             [INFO]     | omdb attribute not found                                                                           |
[2025-12-11 05:00:18,517] [config.py:679]             [INFO]     |====================================================================================================|
[2025-12-11 05:00:18,517] [config.py:683]             [INFO]     | Connecting to MDBList...                                                                           |
[2025-12-11 05:00:20,187] [mdblist.py:93]             [INFO]     | Supporter Key: False                                                                               |
[2025-12-11 05:00:20,187] [mdblist.py:99]             [INFO]     | Daily API requests: 1000                                                                           |
[2025-12-11 05:00:21,509] [config.py:689]             [INFO]     | MDBList Connection Successful                                                                      |
[2025-12-11 05:00:21,510] [config.py:699]             [INFO]     |====================================================================================================|
[2025-12-11 05:00:21,510] [config.py:703]             [INFO]     | Connecting to Trakt...                                                                             |
[2025-12-11 05:00:21,716] [trakt.py:164]              [DEBUG]    | Trakt Error: (401) Unauthorized                                                                    |
[2025-12-11 05:00:21,716] [trakt.py:169]              [INFO]     | Refreshing Access Token...                                                                         |
[2025-12-11 05:00:21,908] [trakt.py:127]              [INFO]     | Navigate to: https://trakt.tv/oauth/authorize?response_type=code&redirect_uri=urn:ietf:wg:oauth:2.0:oob&client_id=0f2f2ac682fbb7d4ba30eb86ecd91313c3a4311dae25b51099236aa12c1bb516 |
[2025-12-11 05:00:21,908] [trakt.py:128]              [INFO]     | If you get an OAuth error your client_id or client_secret is invalid                               |
[2025-12-11 05:00:21,908] [config.py:717]             [ERROR]    | Input Failed                                                                                       |
[2025-12-11 05:00:21,908] [config.py:718]             [INFO]     | Trakt Connection Failed                                                                            |
[2025-12-11 05:00:21,909] [config.py:722]             [INFO]     |====================================================================================================|
[2025-12-11 05:00:21,909] [config.py:743]             [INFO]     | mal attribute not found                                                                            |
[2025-12-11 05:00:21,909] [config.py:775]             [INFO]     |====================================================================================================|
[2025-12-11 05:00:21,909] [config.py:784]             [INFO]     |                                                                                                    |
[2025-12-11 05:00:21,909] [config.py:785]             [INFO]     | Reading in Playlist Files                                                                          |
[2025-12-11 05:00:21,910] [util.py:349]               [INFO]     |                                                                                                    |
[2025-12-11 05:00:21,910] [util.py:354]               [INFO]     | Reading file: //config/playlists/video.yml                                                         |
[2025-12-11 05:00:21,910] [meta.py:71]                [INFO]     |                                                                                                    |
[2025-12-11 05:00:21,910] [meta.py:72]                [INFO]     |====================================================================================================|
[2025-12-11 05:00:21,910] [meta.py:72]                [INFO]     |                      Loading Playlist File File: //config/playlists/video.yml                      |
[2025-12-11 05:00:21,911] [meta.py:72]                [INFO]     |====================================================================================================|
[2025-12-11 05:00:21,911] [meta.py:73]                [INFO]     |                                                                                                    |
[2025-12-11 05:00:21,914] [meta.py:165]               [DEBUG]    | File Loaded From: //config/playlists/video.yml                                                     |
[2025-12-11 05:00:21,915] [meta.py:2236]              [INFO]     | Playlist File Loaded Successfully                                                                  |
[2025-12-11 05:00:22,061] [config.py:811]             [INFO]     |====================================================================================================|
[2025-12-11 05:00:22,061] [config.py:813]             [INFO]     | Connecting to Plex Libraries...                                                                    |
[2025-12-11 05:00:22,062] [config.py:884]             [INFO]     |====================================================================================================|
[2025-12-11 05:00:22,062] [config.py:884]             [INFO]     |                                        Movies Configuration                                        |
[2025-12-11 05:00:22,062] [config.py:884]             [INFO]     |====================================================================================================|
[2025-12-11 05:00:22,062] [config.py:885]             [INFO]     |                                                                                                    |
[2025-12-11 05:00:22,062] [config.py:886]             [INFO]     | Connecting to Movies Library...                                                                    |
[2025-12-11 05:00:22,063] [config.py:930]             [INFO]     |===================================== Operation Configuration ======================================|
[2025-12-11 05:00:22,063] [config.py:934]             [INFO]     |                                                                                                    |
[2025-12-11 05:00:22,063] [config.py:935]             [INFO]     | Operation 1/1                                                                                      |
[2025-12-11 05:00:22,063] [config.py:937]             [INFO]     |     mass_content_rating_update: mdb_commonsense                                                    |
[2025-12-11 05:00:22,063] [config.py:937]             [INFO]     |     content_rating_mapper: {'PG': 12, 'PG-13': 13, 'TV-14': 15, 'NR': 17, 'Not Rated': 17, 'R': 18} |
[2025-12-11 05:00:22,064] [config.py:1075]            [INFO]     |                                                                                                    |
[2025-12-11 05:00:22,064] [config.py:1076]            [INFO]     | Reading in Collection Files                                                                        |
[2025-12-11 05:00:22,064] [util.py:349]               [INFO]     |                                                                                                    |
[2025-12-11 05:00:22,064] [util.py:373]               [INFO]     | Reading folder: //config/collections/movies/                                                       |
[2025-12-11 05:00:22,065] [config.py:1090]            [INFO]     |                                                                                                    |
[2025-12-11 05:00:22,065] [config.py:1091]            [INFO]     | Reading in Metadata Files                                                                          |
[2025-12-11 05:00:22,065] [util.py:349]               [INFO]     |                                                                                                    |
[2025-12-11 05:00:22,065] [util.py:373]               [INFO]     | Reading folder: //config/metadata/movies/                                                          |
[2025-12-11 05:00:22,065] [config.py:1213]            [INFO]     |                                                                                                    |
[2025-12-11 05:00:22,066] [config.py:1214]            [INFO]     |======================================== Plex Configuration ========================================|
[2025-12-11 05:00:22,068] [library.py:140]            [INFO]     |                                                                                                    |
[2025-12-11 05:00:22,068] [library.py:142]            [INFO]     | Using Asset Directory: //config/assets/movies/                                                     |
[2025-12-11 05:00:22,073] [plex.py:500]               [INFO]     | Plex Error: Plex connection attempt returned 'Unauthorized'                                        |
[2025-12-11 05:00:22,078] [config.py:1250]            [DEBUG]    | Traceback (most recent call last):                                                                 |
                                                                 |   File "/modules/plex.py", line 469, in __init__                                                   |
                                                                 |     self.PlexServer = PlexServer(baseurl=self.url, token=self.token, session=self.session, timeout=self.timeout) |
                                                                 |                       ~~~~~~~~~~^^^^^^^^^^^^^^^^^^^^^^^^^^^^^^^^^^^^^^^^^^^^^^^^^^^^^^^^^^^^^^^^^^^^^^^^^^^^^^^^ |
                                                                 |   File "/usr/local/lib/python3.13/site-packages/plexapi/server.py", line 111, in __init__          |
                                                                 |     data = self.query(self.key, timeout=self._timeout)                                             |
                                                                 |   File "/usr/local/lib/python3.13/site-packages/plexapi/server.py", line 769, in query             |
                                                                 |     raise Unauthorized(message)                                                                    |
                                                                 | plexapi.exceptions.Unauthorized: (401) unauthorized; (redacted)/ <html><head><script>window.location = window.location.href.match(/(^.+\/)[^\/]*$/)[1] + 'web/index.html';</script><title>Unauthorized</title></head><body><h1>401 Unauthorized</h1></body></html> |
                                                                 |                                                                                                    |
                                                                 | During handling of the above exception, another exception occurred:                                |
                                                                 |                                                                                                    |
                                                                 | Traceback (most recent call last):                                                                 |
                                                                 |   File "/modules/config.py", line 1241, in __init__                                                |
                                                                 |     library = Plex(self, params)                                                                   |
                                                                 |   File "/modules/plex.py", line 501, in __init__                                                   |
                                                                 |     raise Failed("Plex Error: Plex token is invalid")                                              |
                                                                 | modules.util.Failed: Plex Error: Plex token is invalid                                             |
                                                                 |                                                                                                    |
[2025-12-11 05:00:22,081] [config.py:1251]            [ERROR]    | Plex Error: Plex token is invalid                                                                  |
[2025-12-11 05:00:22,081] [config.py:1252]            [INFO]     |                                                                                                    |
[2025-12-11 05:00:22,081] [config.py:1253]            [INFO]     | Movies Library Connection Failed                                                                   |
[2025-12-11 05:00:22,081] [config.py:884]             [INFO]     |====================================================================================================|
[2025-12-11 05:00:22,082] [config.py:884]             [INFO]     |                                        Music Configuration                                         |
[2025-12-11 05:00:22,082] [config.py:884]             [INFO]     |====================================================================================================|
[2025-12-11 05:00:22,082] [config.py:885]             [INFO]     |                                                                                                    |
[2025-12-11 05:00:22,082] [config.py:886]             [INFO]     | Connecting to Music Library...                                                                     |
[2025-12-11 05:00:22,082] [config.py:1090]            [INFO]     |                                                                                                    |
[2025-12-11 05:00:22,082] [config.py:1091]            [INFO]     | Reading in Metadata Files                                                                          |
[2025-12-11 05:00:22,083] [util.py:349]               [INFO]     |                                                                                                    |
[2025-12-11 05:00:22,083] [util.py:373]               [INFO]     | Reading folder: //config/metadata/music/                                                           |
[2025-12-11 05:00:22,083] [config.py:1213]            [INFO]     |                                                                                                    |
[2025-12-11 05:00:22,083] [config.py:1214]            [INFO]     |======================================== Plex Configuration ========================================|
[2025-12-11 05:00:22,084] [library.py:140]            [INFO]     |                                                                                                    |
[2025-12-11 05:00:22,084] [library.py:142]            [INFO]     | Using Asset Directory: //config/assets/music/                                                      |
[2025-12-11 05:00:22,086] [plex.py:500]               [INFO]     | Plex Error: Plex connection attempt returned 'Unauthorized'                                        |
[2025-12-11 05:00:22,090] [config.py:1250]            [DEBUG]    | Traceback (most recent call last):                                                                 |
                                                                 |   File "/modules/plex.py", line 469, in __init__                                                   |
                                                                 |     self.PlexServer = PlexServer(baseurl=self.url, token=self.token, session=self.session, timeout=self.timeout) |
                                                                 |                       ~~~~~~~~~~^^^^^^^^^^^^^^^^^^^^^^^^^^^^^^^^^^^^^^^^^^^^^^^^^^^^^^^^^^^^^^^^^^^^^^^^^^^^^^^^ |
                                                                 |   File "/usr/local/lib/python3.13/site-packages/plexapi/server.py", line 111, in __init__          |
                                                                 |     data = self.query(self.key, timeout=self._timeout)                                             |
                                                                 |   File "/usr/local/lib/python3.13/site-packages/plexapi/server.py", line 769, in query             |
                                                                 |     raise Unauthorized(message)                                                                    |
                                                                 | plexapi.exceptions.Unauthorized: (401) unauthorized; (redacted)/ <html><head><script>window.location = window.location.href.match(/(^.+\/)[^\/]*$/)[1] + 'web/index.html';</script><title>Unauthorized</title></head><body><h1>401 Unauthorized</h1></body></html> |
                                                                 |                                                                                                    |
                                                                 | During handling of the above exception, another exception occurred:                                |
                                                                 |                                                                                                    |
                                                                 | Traceback (most recent call last):                                                                 |
                                                                 |   File "/modules/config.py", line 1241, in __init__                                                |
                                                                 |     library = Plex(self, params)                                                                   |
                                                                 |   File "/modules/plex.py", line 501, in __init__                                                   |
                                                                 |     raise Failed("Plex Error: Plex token is invalid")                                              |
                                                                 | modules.util.Failed: Plex Error: Plex token is invalid                                             |
                                                                 |                                                                                                    |
[2025-12-11 05:00:22,093] [config.py:1251]            [ERROR]    | Plex Error: Plex token is invalid                                                                  |
[2025-12-11 05:00:22,093] [config.py:1252]            [INFO]     |                                                                                                    |
[2025-12-11 05:00:22,093] [config.py:1253]            [INFO]     | Music Library Connection Failed                                                                    |
[2025-12-11 05:00:22,093] [config.py:884]             [INFO]     |====================================================================================================|
[2025-12-11 05:00:22,093] [config.py:884]             [INFO]     |                                        Shows Configuration                                         |
[2025-12-11 05:00:22,094] [config.py:884]             [INFO]     |====================================================================================================|
[2025-12-11 05:00:22,094] [config.py:885]             [INFO]     |                                                                                                    |
[2025-12-11 05:00:22,094] [config.py:886]             [INFO]     | Connecting to Shows Library...                                                                     |
[2025-12-11 05:00:22,094] [config.py:930]             [INFO]     |===================================== Operation Configuration ======================================|
[2025-12-11 05:00:22,094] [config.py:934]             [INFO]     |                                                                                                    |
[2025-12-11 05:00:22,094] [config.py:935]             [INFO]     | Operation 1/1                                                                                      |
[2025-12-11 05:00:22,094] [config.py:937]             [INFO]     |     mass_content_rating_update: mdb_commonsense                                                    |
[2025-12-11 05:00:22,095] [config.py:937]             [INFO]     |     content_rating_mapper: {'TV-Y': 4, 'TV-Y7': 7, 'TV-G': 7, 'TV-PG': 12, 'TV-14': 14, 'TV-MA': 18} |
[2025-12-11 05:00:22,095] [config.py:1075]            [INFO]     |                                                                                                    |
[2025-12-11 05:00:22,095] [config.py:1076]            [INFO]     | Reading in Collection Files                                                                        |
[2025-12-11 05:00:22,095] [util.py:349]               [INFO]     |                                                                                                    |
[2025-12-11 05:00:22,095] [util.py:373]               [INFO]     | Reading folder: //config/collections/shows/                                                        |
[2025-12-11 05:00:22,095] [util.py:349]               [INFO]     |                                                                                                    |
[2025-12-11 05:00:22,096] [util.py:354]               [INFO]     | Reading default: country                                                                           |
[2025-12-11 05:00:22,096] [util.py:393]               [INFO]     | Template Variables: {'use_other': False, 'use_separator': False, 'sep_style': 'purple', 'collection_mode': 'hide', 'include': ['gb', 'kr'], 'sort_by': 'title.asc'} |
[2025-12-11 05:00:22,096] [util.py:349]               [INFO]     |                                                                                                    |
[2025-12-11 05:00:22,096] [util.py:354]               [INFO]     | Reading default: emmy                                                                              |
[2025-12-11 05:00:22,096] [util.py:393]               [INFO]     | Template Variables: {'collection_mode': 'hide', 'collection_order': 'alpha', 'data': {'starting': 'current_year-5', 'ending': 'current_year'}} |
[2025-12-11 05:00:22,096] [util.py:349]               [INFO]     |                                                                                                    |
[2025-12-11 05:00:22,096] [util.py:354]               [INFO]     | Reading default: trakt                                                                             |
[2025-12-11 05:00:22,096] [util.py:393]               [INFO]     | Template Variables: {'collection_mode': 'hide', 'use_collected': False, 'use_popular': False, 'use_recommended': False, 'use_watched': False, 'limit': 20, 'visible_library_trending': True, 'visible_home_trending': False, 'visible_shared_trending': True} |
[2025-12-11 05:00:22,096] [util.py:349]               [INFO]     |                                                                                                    |
[2025-12-11 05:00:22,097] [util.py:354]               [INFO]     | Reading default: basic                                                                             |
[2025-12-11 05:00:22,097] [util.py:393]               [INFO]     | Template Variables: {'collection_mode': 'hide', 'use_episodes': False, 'use_released': True, 'in_the_last_released': 120, 'visible_library_released': True, 'visible_home_released': False, 'visible_shared_released': False} |
[2025-12-11 05:00:22,097] [config.py:1090]            [INFO]     |                                                                                                    |
[2025-12-11 05:00:22,097] [config.py:1091]            [INFO]     | Reading in Metadata Files                                                                          |
[2025-12-11 05:00:22,097] [util.py:349]               [INFO]     |                                                                                                    |
[2025-12-11 05:00:22,097] [util.py:373]               [INFO]     | Reading folder: //config/metadata/shows/                                                           |
[2025-12-11 05:00:22,097] [config.py:1213]            [INFO]     |                                                                                                    |
[2025-12-11 05:00:22,098] [config.py:1214]            [INFO]     |======================================== Plex Configuration ========================================|
[2025-12-11 05:00:22,101] [plex.py:500]               [INFO]     | Plex Error: Plex connection attempt returned 'Unauthorized'                                        |
[2025-12-11 05:00:22,104] [config.py:1250]            [DEBUG]    | Traceback (most recent call last):                                                                 |
                                                                 |   File "/modules/plex.py", line 469, in __init__                                                   |
                                                                 |     self.PlexServer = PlexServer(baseurl=self.url, token=self.token, session=self.session, timeout=self.timeout) |
                                                                 |                       ~~~~~~~~~~^^^^^^^^^^^^^^^^^^^^^^^^^^^^^^^^^^^^^^^^^^^^^^^^^^^^^^^^^^^^^^^^^^^^^^^^^^^^^^^^ |
                                                                 |   File "/usr/local/lib/python3.13/site-packages/plexapi/server.py", line 111, in __init__          |
                                                                 |     data = self.query(self.key, timeout=self._timeout)                                             |
                                                                 |   File "/usr/local/lib/python3.13/site-packages/plexapi/server.py", line 769, in query             |
                                                                 |     raise Unauthorized(message)                                                                    |
                                                                 | plexapi.exceptions.Unauthorized: (401) unauthorized; (redacted)/ <html><head><script>window.location = window.location.href.match(/(^.+\/)[^\/]*$/)[1] + 'web/index.html';</script><title>Unauthorized</title></head><body><h1>401 Unauthorized</h1></body></html> |
                                                                 |                                                                                                    |
                                                                 | During handling of the above exception, another exception occurred:                                |
                                                                 |                                                                                                    |
                                                                 | Traceback (most recent call last):                                                                 |
                                                                 |   File "/modules/config.py", line 1241, in __init__                                                |
                                                                 |     library = Plex(self, params)                                                                   |
                                                                 |   File "/modules/plex.py", line 501, in __init__                                                   |
                                                                 |     raise Failed("Plex Error: Plex token is invalid")                                              |
                                                                 | modules.util.Failed: Plex Error: Plex token is invalid                                             |
                                                                 |                                                                                                    |
[2025-12-11 05:00:22,107] [config.py:1251]            [ERROR]    | Plex Error: Plex token is invalid                                                                  |
[2025-12-11 05:00:22,108] [config.py:1252]            [INFO]     |                                                                                                    |
[2025-12-11 05:00:22,108] [config.py:1253]            [INFO]     | Shows Library Connection Failed                                                                    |
[2025-12-11 05:00:22,108] [config.py:1342]            [INFO]     |====================================================================================================|
[2025-12-11 05:00:22,111] [config.py:1356]            [DEBUG]    | Traceback (most recent call last):                                                                 |
                                                                 |   File "/modules/config.py", line 1349, in __init__                                                |
                                                                 |     raise Failed("Config Error: No libraries were found in config")                                |
                                                                 | modules.util.Failed: Config Error: No libraries were found in config                               |
                                                                 |                                                                                                    |
[2025-12-11 05:00:22,116] [kometa.py:369]             [DEBUG]    | Traceback (most recent call last):                                                                 |
                                                                 |   File "//kometa.py", line 367, in start                                                           |
                                                                 |     config = ConfigFile(my_requests, default_dir, attrs, secret_args)                              |
                                                                 |   File "/modules/config.py", line 1349, in __init__                                                |
                                                                 |     raise Failed("Config Error: No libraries were found in config")                                |
                                                                 | modules.util.Failed: Config Error: No libraries were found in config                               |
                                                                 |                                                                                                    |
[2025-12-11 05:00:22,117] [kometa.py:370]             [CRITICAL] | Config Error: No libraries were found in config                                                    |
[2025-12-11 05:00:22,117] [kometa.py:378]             [INFO]     |                                                                                                    |
[2025-12-11 05:00:22,118] [kometa.py:453]             [INFO]     |========================================= Warning Summary ==========================================|
[2025-12-11 05:00:22,118] [kometa.py:455]             [INFO]     |                                                                                                    |
[2025-12-11 05:00:22,118] [kometa.py:456]             [INFO]     | Count | Message                                                                                    |
[2025-12-11 05:00:22,118] [kometa.py:457]             [INFO]     |=======|============================================================================================|
[2025-12-11 05:00:22,118] [kometa.py:459]             [INFO]     |     1 | Config Warning: settings sub-attribute overlay_artwork_quality is blank using 90 as default |
[2025-12-11 05:00:22,118] [kometa.py:460]             [INFO]     |                                                                                                    |
[2025-12-11 05:00:22,118] [kometa.py:453]             [INFO]     |========================================== Error Summary ===========================================|
[2025-12-11 05:00:22,119] [kometa.py:455]             [INFO]     |                                                                                                    |
[2025-12-11 05:00:22,119] [kometa.py:456]             [INFO]     | Count | Message                                                                                    |
[2025-12-11 05:00:22,119] [kometa.py:457]             [INFO]     |=======|============================================================================================|
[2025-12-11 05:00:22,119] [kometa.py:459]             [INFO]     |     3 | Plex Error: Plex token is invalid                                                          |
[2025-12-11 05:00:22,119] [kometa.py:459]             [INFO]     |     1 | b'<!doctype html>\n<!--[if lt IE 7]> <html class="no-js ie6 oldie" lang="en-US"> <![endif]-->\n<!--[if IE 7]>    <html class="no-js ie7 oldie" lang="en-US"> <![endif]-->\n<!--[if IE 8]>    <html class="no-js ie8 oldie" lang="en-US"> <![endif]-->\n<!--[if gt IE 8]><!-->\n<html class="no-js" lang="en-US">\n    <!--<![endif]-->\n    <head>\n        <title>Cloudflare Tunnel error |
[2025-12-11 05:00:22,119] [kometa.py:459]             [INFO]     |     1 | Gotify Error: Invalid URL                                                                  |
[2025-12-11 05:00:22,119] [kometa.py:459]             [INFO]     |     1 | Input Failed                                                                               |
[2025-12-11 05:00:22,119] [kometa.py:460]             [INFO]     |                                                                                                    |
[2025-12-11 05:00:22,119] [kometa.py:453]             [INFO]     |========================================= Critical Summary =========================================|
[2025-12-11 05:00:22,120] [kometa.py:455]             [INFO]     |                                                                                                    |
[2025-12-11 05:00:22,120] [kometa.py:456]             [INFO]     | Count | Message                                                                                    |
[2025-12-11 05:00:22,120] [kometa.py:457]             [INFO]     |=======|============================================================================================|
[2025-12-11 05:00:22,120] [kometa.py:459]             [INFO]     |     1 | Config Error: No libraries were found in config                                            |
[2025-12-11 05:00:22,120] [kometa.py:460]             [INFO]     |                                                                                                    |
[2025-12-11 05:00:22,120] [kometa.py:467]             [INFO]     |====================================================================================================|
[2025-12-11 05:00:22,120] [kometa.py:467]             [INFO]     |                                         Finished 05:00 Run                                         |
[2025-12-11 05:00:22,120] [kometa.py:467]             [INFO]     |                                           Version: 2.2.2                                           |
[2025-12-11 05:00:22,121] [kometa.py:467]             [INFO]     |      Start Time: 05:00:18 2025-12-11     Finished: 05:00:22 2025-12-11     Run Time: 0:00:03       |
[2025-12-11 05:00:22,121] [kometa.py:467]             [INFO]     |====================================================================================================|
